+ '[' -z '' ']'
+ case "$-" in
+ __lmod_vx=x
+ '[' -n x ']'
+ set +x
Shell debugging temporarily silenced: export LMOD_SH_DBG_ON=1 for this output (/p/software/jurecadc/lmod/8.7.12/init/bash)
Shell debugging restarted
+ unset __lmod_vx
+ source /p/scratch/cjibg31/jibg3105/Data/EDWUE/code_edwue/modulesEDWUE.sh
/var/spool/parastation/jobs/12405827: line 9: /p/scratch/cjibg31/jibg3105/Data/EDWUE/code_edwue/modulesEDWUE.sh: No such file or directory
+ srun -n 1 --mem 2048000 python run_analyses.py

Locate files or create the necessary source dataframes
for all stations / cells...


Iterate over gridded source data:
('CLM5-EU3', 'CLM5-EU3-pft', 'GLASS-EU3')

Output file for CLM5-EU3 is not available and will be created.

Load data...

Iterate stations and variables...

Extract site Brasschaat, variable ET
Location: 51.30761 latitude, 4.51984 longitude.

Extract site Dorinne, variable ET
Location: 50.311874 latitude, 4.968113 longitude.

Extract site Lochristi, variable ET
Location: 51.11218 latitude, 3.85043 longitude.

Extract site Lonzée, variable ET
Location: 50.55162 latitude, 4.746234 longitude.

Extract site Maasmechelen, variable ET
Location: 50.97987 latitude, 5.631851 longitude.

Extract site Vielsalm, variable ET
Location: 50.304962 latitude, 5.998099 longitude.

Extract site Alp Weissenstein, variable ET
Location: 46.583306 latitude, 9.790417 longitude.

Extract site Chamau grassland, variable ET
Location: 47.21022 latitude, 8.41044 longitude.

Extract site Davos, variable ET
Location: 46.81533 latitude, 9.85591 longitude.

Extract site Früebüel grassland, variable ET
Location: 47.11583 latitude, 8.53778 longitude.

Extract site Lägern, variable ET
Location: 47.47808 latitude, 8.365 longitude.

Extract site Oensingen crop, variable ET
Location: 47.28631 latitude, 7.73433 longitude.

Extract site Bily Kriz forest, variable ET
Location: 49.502075 latitude, 18.536882 longitude.

Extract site Kresin u Pacova, variable ET
Location: 49.573257 latitude, 15.078773 longitude.

Extract site Lanzhot, variable ET
Location: 48.68155 latitude, 16.946331 longitude.

Extract site Rajec, variable ET
Location: 49.4437236 latitude, 16.6965125 longitude.

Extract site Stitna, variable ET
Location: 49.035975 latitude, 17.9699 longitude.

Extract site Trebon, variable ET
Location: 49.02465 latitude, 14.77035 longitude.

Extract site Anklam, variable ET
Location: 53.86617 latitude, 13.68342 longitude.

Extract site Gebesee, variable ET
Location: 51.09973 latitude, 10.91463 longitude.

Extract site Grillenburg, variable ET
Location: 50.95004 latitude, 13.51259 longitude.

Extract site Hainich, variable ET
Location: 51.079407 latitude, 10.452089 longitude.

Extract site Hohes Holz, variable ET
Location: 52.08656 latitude, 11.22235 longitude.

Extract site Hetzdorf, variable ET
Location: 50.96381 latitude, 13.48978 longitude.

Extract site Klingenberg, variable ET
Location: 50.89306 latitude, 13.52238 longitude.

Extract site Oberbärenburg, variable ET
Location: 50.78666 latitude, 13.72129 longitude.

Extract site Rollesbroich, variable ET
Location: 50.621914 latitude, 6.304126 longitude.

Extract site Selhausen Jülich, variable ET
Location: 50.865906 latitude, 6.4471445 longitude.

Extract site Wüstebach, variable ET
Location: 50.50493 latitude, 6.330963 longitude.

Extract site Tharandt, variable ET
Location: 50.96256 latitude, 13.56515 longitude.

Extract site Gludsted Plantage, variable ET
Location: 56.0737 latitude, 9.3341 longitude.

Extract site Soroe, variable ET
Location: 55.48587 latitude, 11.644645 longitude.

Extract site Albuera, variable ET
Location: 38.701839 latitude, -6.785881 longitude.

Extract site Aguamarga, variable ET
Location: 36.940046 latitude, -2.033208 longitude.

Extract site Conde, variable ET
Location: 37.914998 latitude, -3.227659 longitude.

Extract site LLano de los Juanes, variable ET
Location: 36.926594 latitude, -2.752115 longitude.

Extract site Majadas del Tietar North, variable ET
Location: 39.94269 latitude, -5.778683 longitude.

Extract site Majadas del Tietar South, variable ET
Location: 39.934592 latitude, -5.775881 longitude.

Extract site Hyytiälä, variable ET
Location: 61.84741 latitude, 24.29477 longitude.

Extract site Kenttarova, variable ET
Location: 67.98721 latitude, 24.24301 longitude.

Extract site Lettosuo, variable ET
Location: 60.64183 latitude, 23.95952 longitude.

Extract site Qvidja, variable ET
Location: 60.295242 latitude, 22.391607 longitude.

Extract site Siikaneva, variable ET
Location: 61.83265 latitude, 24.19285 longitude.

Extract site Varriö, variable ET
Location: 67.7549 latitude, 29.61 longitude.

Extract site Aurade, variable ET
Location: 43.54965 latitude, 1.106103 longitude.

Extract site Bilos, variable ET
Location: 44.493652 latitude, -0.956092 longitude.

Extract site Font-Blanche, variable ET
Location: 43.24079 latitude, 5.67865 longitude.

Extract site Fontainebleau-Barbeau, variable ET
Location: 48.476357 latitude, 2.780096 longitude.

Extract site Grignon, variable ET
Location: 48.84422 latitude, 1.95191 longitude.

Extract site Hesse, variable ET
Location: 48.6741 latitude, 7.06465 longitude.

Extract site La Guette, variable ET
Location: 47.322918 latitude, 2.284102 longitude.

Extract site Lamasquere, variable ET
Location: 43.496437 latitude, 1.237878 longitude.

Extract site Toulouse, variable ET
Location: 43.572857 latitude, 1.37474 longitude.

Extract site Clara, variable ET
Location: 53.322978 latitude, -7.641769 longitude.

Extract site Yatir, variable ET
Location: 31.345045 latitude, 35.051989 longitude.

Extract site Borgo Cioffi, variable ET
Location: 40.52375 latitude, 14.957444 longitude.

Extract site Bosco Fontana, variable ET
Location: 45.197754 latitude, 10.741966 longitude.

Extract site Castelporziano2, variable ET
Location: 41.704266 latitude, 12.357293 longitude.

Extract site Lavarone, variable ET
Location: 45.9562 latitude, 11.28132 longitude.

Extract site Lison, variable ET
Location: 45.740482 latitude, 12.750297 longitude.

Extract site Monte Bandone, variable ET
Location: 46.01468 latitude, 11.045831 longitude.

Extract site Renon, variable ET
Location: 46.58686 latitude, 11.43369 longitude.

Extract site San Rossore 2, variable ET
Location: 43.73202 latitude, 10.29091 longitude.

Extract site Torgnon, variable ET
Location: 45.84444 latitude, 7.578055 longitude.

Extract site Fyodorovskoye dry spruce stand, variable ET
Location: 56.447603 latitude, 32.901878 longitude.

Extract site Fyodorovskoye, variable ET
Location: 56.461528 latitude, 32.922083 longitude.

Extract site Degero, variable ET
Location: 64.18203 latitude, 19.55654 longitude.

Extract site Hyltemossa, variable ET
Location: 56.09763 latitude, 13.41897 longitude.

Extract site Norunda, variable ET
Location: 60.0865 latitude, 17.479504 longitude.

Extract site Rosinedal-3, variable ET
Location: 64.1725 latitude, 19.738 longitude.

Extract site Svartberget, variable ET
Location: 64.25611 latitude, 19.7745 longitude.

Output file for CLM5-EU3-pft is not available and will be created.

Load data...

Iterate stations and variables...

Extract site Brasschaat, variable ET
Location: 51.30761 latitude, 4.51984 longitude.

Extract site Dorinne, variable ET
Location: 50.311874 latitude, 4.968113 longitude.

Extract site Lochristi, variable ET
Location: 51.11218 latitude, 3.85043 longitude.

Extract site Lonzée, variable ET
Location: 50.55162 latitude, 4.746234 longitude.

Extract site Maasmechelen, variable ET
Location: 50.97987 latitude, 5.631851 longitude.

Extract site Vielsalm, variable ET
Location: 50.304962 latitude, 5.998099 longitude.

Extract site Alp Weissenstein, variable ET
Location: 46.583306 latitude, 9.790417 longitude.

Extract site Chamau grassland, variable ET
Location: 47.21022 latitude, 8.41044 longitude.

Extract site Davos, variable ET
Location: 46.81533 latitude, 9.85591 longitude.

Extract site Früebüel grassland, variable ET
Location: 47.11583 latitude, 8.53778 longitude.

Extract site Lägern, variable ET
Location: 47.47808 latitude, 8.365 longitude.

Extract site Oensingen crop, variable ET
Location: 47.28631 latitude, 7.73433 longitude.

Extract site Bily Kriz forest, variable ET
Location: 49.502075 latitude, 18.536882 longitude.

Extract site Kresin u Pacova, variable ET
Location: 49.573257 latitude, 15.078773 longitude.

Extract site Lanzhot, variable ET
Location: 48.68155 latitude, 16.946331 longitude.

Extract site Rajec, variable ET
Location: 49.4437236 latitude, 16.6965125 longitude.

Extract site Stitna, variable ET
Location: 49.035975 latitude, 17.9699 longitude.

Extract site Trebon, variable ET
Location: 49.02465 latitude, 14.77035 longitude.

Extract site Anklam, variable ET
Location: 53.86617 latitude, 13.68342 longitude.

Extract site Gebesee, variable ET
Location: 51.09973 latitude, 10.91463 longitude.

Extract site Grillenburg, variable ET
Location: 50.95004 latitude, 13.51259 longitude.

Extract site Hainich, variable ET
Location: 51.079407 latitude, 10.452089 longitude.

Extract site Hohes Holz, variable ET
Location: 52.08656 latitude, 11.22235 longitude.

Extract site Hetzdorf, variable ET
Location: 50.96381 latitude, 13.48978 longitude.

Extract site Klingenberg, variable ET
Location: 50.89306 latitude, 13.52238 longitude.

Extract site Oberbärenburg, variable ET
Location: 50.78666 latitude, 13.72129 longitude.

Extract site Rollesbroich, variable ET
Location: 50.621914 latitude, 6.304126 longitude.

Extract site Selhausen Jülich, variable ET
Location: 50.865906 latitude, 6.4471445 longitude.

Extract site Wüstebach, variable ET
Location: 50.50493 latitude, 6.330963 longitude.

Extract site Tharandt, variable ET
Location: 50.96256 latitude, 13.56515 longitude.

Extract site Gludsted Plantage, variable ET
Location: 56.0737 latitude, 9.3341 longitude.

Extract site Soroe, variable ET
Location: 55.48587 latitude, 11.644645 longitude.

Extract site Albuera, variable ET
Location: 38.701839 latitude, -6.785881 longitude.

Extract site Aguamarga, variable ET
Location: 36.940046 latitude, -2.033208 longitude.

Extract site Conde, variable ET
Location: 37.914998 latitude, -3.227659 longitude.

Extract site LLano de los Juanes, variable ET
Location: 36.926594 latitude, -2.752115 longitude.

Extract site Majadas del Tietar North, variable ET
Location: 39.94269 latitude, -5.778683 longitude.

Extract site Majadas del Tietar South, variable ET
Location: 39.934592 latitude, -5.775881 longitude.

Extract site Hyytiälä, variable ET
Location: 61.84741 latitude, 24.29477 longitude.

Extract site Kenttarova, variable ET
Location: 67.98721 latitude, 24.24301 longitude.

Extract site Lettosuo, variable ET
Location: 60.64183 latitude, 23.95952 longitude.

Extract site Qvidja, variable ET
Location: 60.295242 latitude, 22.391607 longitude.

Extract site Siikaneva, variable ET
Location: 61.83265 latitude, 24.19285 longitude.

Extract site Varriö, variable ET
Location: 67.7549 latitude, 29.61 longitude.

Extract site Aurade, variable ET
Location: 43.54965 latitude, 1.106103 longitude.

Extract site Bilos, variable ET
Location: 44.493652 latitude, -0.956092 longitude.

Extract site Font-Blanche, variable ET
Location: 43.24079 latitude, 5.67865 longitude.

Extract site Fontainebleau-Barbeau, variable ET
Location: 48.476357 latitude, 2.780096 longitude.

Extract site Grignon, variable ET
Location: 48.84422 latitude, 1.95191 longitude.

Extract site Hesse, variable ET
Location: 48.6741 latitude, 7.06465 longitude.

Extract site La Guette, variable ET
Location: 47.322918 latitude, 2.284102 longitude.

Extract site Lamasquere, variable ET
Location: 43.496437 latitude, 1.237878 longitude.

Extract site Toulouse, variable ET
Location: 43.572857 latitude, 1.37474 longitude.

Extract site Clara, variable ET
Location: 53.322978 latitude, -7.641769 longitude.

Extract site Yatir, variable ET
Location: 31.345045 latitude, 35.051989 longitude.

Extract site Borgo Cioffi, variable ET
Location: 40.52375 latitude, 14.957444 longitude.

Extract site Bosco Fontana, variable ET
Location: 45.197754 latitude, 10.741966 longitude.

Extract site Castelporziano2, variable ET
Location: 41.704266 latitude, 12.357293 longitude.

Extract site Lavarone, variable ET
Location: 45.9562 latitude, 11.28132 longitude.

Extract site Lison, variable ET
Location: 45.740482 latitude, 12.750297 longitude.

Extract site Monte Bandone, variable ET
Location: 46.01468 latitude, 11.045831 longitude.

Extract site Renon, variable ET
Location: 46.58686 latitude, 11.43369 longitude.

Extract site San Rossore 2, variable ET
Location: 43.73202 latitude, 10.29091 longitude.

Extract site Torgnon, variable ET
Location: 45.84444 latitude, 7.578055 longitude.

Extract site Fyodorovskoye dry spruce stand, variable ET
Location: 56.447603 latitude, 32.901878 longitude.

Extract site Fyodorovskoye, variable ET
Location: 56.461528 latitude, 32.922083 longitude.

Extract site Degero, variable ET
Location: 64.18203 latitude, 19.55654 longitude.

Extract site Hyltemossa, variable ET
Location: 56.09763 latitude, 13.41897 longitude.

Extract site Norunda, variable ET
Location: 60.0865 latitude, 17.479504 longitude.

Extract site Rosinedal-3, variable ET
Location: 64.1725 latitude, 19.738 longitude.

Extract site Svartberget, variable ET
Location: 64.25611 latitude, 19.7745 longitude.

Output file for GLASS-EU3 is not available and will be created.

Load data...

Iterate stations and variables...

Extract site Brasschaat, variable ET
Location: 51.30761 latitude, 4.51984 longitude.

Extract site Dorinne, variable ET
Location: 50.311874 latitude, 4.968113 longitude.

Extract site Lochristi, variable ET
Location: 51.11218 latitude, 3.85043 longitude.

Extract site Lonzée, variable ET
Location: 50.55162 latitude, 4.746234 longitude.

Extract site Maasmechelen, variable ET
Location: 50.97987 latitude, 5.631851 longitude.

Extract site Vielsalm, variable ET
Location: 50.304962 latitude, 5.998099 longitude.

Extract site Alp Weissenstein, variable ET
Location: 46.583306 latitude, 9.790417 longitude.

Extract site Chamau grassland, variable ET
Location: 47.21022 latitude, 8.41044 longitude.

Extract site Davos, variable ET
Location: 46.81533 latitude, 9.85591 longitude.

Extract site Früebüel grassland, variable ET
Location: 47.11583 latitude, 8.53778 longitude.

Extract site Lägern, variable ET
Location: 47.47808 latitude, 8.365 longitude.

Extract site Oensingen crop, variable ET
Location: 47.28631 latitude, 7.73433 longitude.

Extract site Bily Kriz forest, variable ET
Location: 49.502075 latitude, 18.536882 longitude.

Extract site Kresin u Pacova, variable ET
Location: 49.573257 latitude, 15.078773 longitude.

Extract site Lanzhot, variable ET
Location: 48.68155 latitude, 16.946331 longitude.

Extract site Rajec, variable ET
Location: 49.4437236 latitude, 16.6965125 longitude.

Extract site Stitna, variable ET
Location: 49.035975 latitude, 17.9699 longitude.

Extract site Trebon, variable ET
Location: 49.02465 latitude, 14.77035 longitude.

Extract site Anklam, variable ET
Location: 53.86617 latitude, 13.68342 longitude.

Extract site Gebesee, variable ET
Location: 51.09973 latitude, 10.91463 longitude.

Extract site Grillenburg, variable ET
Location: 50.95004 latitude, 13.51259 longitude.

Extract site Hainich, variable ET
Location: 51.079407 latitude, 10.452089 longitude.

Extract site Hohes Holz, variable ET
Location: 52.08656 latitude, 11.22235 longitude.

Extract site Hetzdorf, variable ET
Location: 50.96381 latitude, 13.48978 longitude.

Extract site Klingenberg, variable ET
Location: 50.89306 latitude, 13.52238 longitude.

Extract site Oberbärenburg, variable ET
Location: 50.78666 latitude, 13.72129 longitude.

Extract site Rollesbroich, variable ET
Location: 50.621914 latitude, 6.304126 longitude.

Extract site Selhausen Jülich, variable ET
Location: 50.865906 latitude, 6.4471445 longitude.

Extract site Wüstebach, variable ET
Location: 50.50493 latitude, 6.330963 longitude.

Extract site Tharandt, variable ET
Location: 50.96256 latitude, 13.56515 longitude.

Extract site Gludsted Plantage, variable ET
Location: 56.0737 latitude, 9.3341 longitude.

Extract site Soroe, variable ET
Location: 55.48587 latitude, 11.644645 longitude.

Extract site Albuera, variable ET
Location: 38.701839 latitude, -6.785881 longitude.

Extract site Aguamarga, variable ET
Location: 36.940046 latitude, -2.033208 longitude.

Extract site Conde, variable ET
Location: 37.914998 latitude, -3.227659 longitude.

Extract site LLano de los Juanes, variable ET
Location: 36.926594 latitude, -2.752115 longitude.

Extract site Majadas del Tietar North, variable ET
Location: 39.94269 latitude, -5.778683 longitude.

Extract site Majadas del Tietar South, variable ET
Location: 39.934592 latitude, -5.775881 longitude.

Extract site Hyytiälä, variable ET
Location: 61.84741 latitude, 24.29477 longitude.

Extract site Kenttarova, variable ET
Location: 67.98721 latitude, 24.24301 longitude.

Extract site Lettosuo, variable ET
Location: 60.64183 latitude, 23.95952 longitude.

Extract site Qvidja, variable ET
Location: 60.295242 latitude, 22.391607 longitude.

Extract site Siikaneva, variable ET
Location: 61.83265 latitude, 24.19285 longitude.

Extract site Varriö, variable ET
Location: 67.7549 latitude, 29.61 longitude.

Extract site Aurade, variable ET
Location: 43.54965 latitude, 1.106103 longitude.

Extract site Bilos, variable ET
Location: 44.493652 latitude, -0.956092 longitude.

Extract site Font-Blanche, variable ET
Location: 43.24079 latitude, 5.67865 longitude.

Extract site Fontainebleau-Barbeau, variable ET
Location: 48.476357 latitude, 2.780096 longitude.

Extract site Grignon, variable ET
Location: 48.84422 latitude, 1.95191 longitude.

Extract site Hesse, variable ET
Location: 48.6741 latitude, 7.06465 longitude.

Extract site La Guette, variable ET
Location: 47.322918 latitude, 2.284102 longitude.

Extract site Lamasquere, variable ET
Location: 43.496437 latitude, 1.237878 longitude.

Extract site Toulouse, variable ET
Location: 43.572857 latitude, 1.37474 longitude.

Extract site Clara, variable ET
Location: 53.322978 latitude, -7.641769 longitude.

Extract site Yatir, variable ET
Location: 31.345045 latitude, 35.051989 longitude.

Extract site Borgo Cioffi, variable ET
Location: 40.52375 latitude, 14.957444 longitude.

Extract site Bosco Fontana, variable ET
Location: 45.197754 latitude, 10.741966 longitude.

Extract site Castelporziano2, variable ET
Location: 41.704266 latitude, 12.357293 longitude.

Extract site Lavarone, variable ET
Location: 45.9562 latitude, 11.28132 longitude.

Extract site Lison, variable ET
Location: 45.740482 latitude, 12.750297 longitude.

Extract site Monte Bandone, variable ET
Location: 46.01468 latitude, 11.045831 longitude.

Extract site Renon, variable ET
Location: 46.58686 latitude, 11.43369 longitude.

Extract site San Rossore 2, variable ET
Location: 43.73202 latitude, 10.29091 longitude.

Extract site Torgnon, variable ET
Location: 45.84444 latitude, 7.578055 longitude.

Extract site Fyodorovskoye dry spruce stand, variable ET
Location: 56.447603 latitude, 32.901878 longitude.

Extract site Fyodorovskoye, variable ET
Location: 56.461528 latitude, 32.922083 longitude.

Extract site Degero, variable ET
Location: 64.18203 latitude, 19.55654 longitude.

Extract site Hyltemossa, variable ET
Location: 56.09763 latitude, 13.41897 longitude.

Extract site Norunda, variable ET
Location: 60.0865 latitude, 17.479504 longitude.

Extract site Rosinedal-3, variable ET
Location: 64.1725 latitude, 19.738 longitude.

Extract site Svartberget, variable ET
Location: 64.25611 latitude, 19.7745 longitude.

Done. Extracted cell data for all sources.

Extract site Brasschaat, static data for CLM5-EU3-surf variable PCT_NATVEG
Location: 51.30761 latitude, 4.51984 longitude.

Extract site Brasschaat, static data for CLM5-EU3-surf variable PCT_CROP
Location: 51.30761 latitude, 4.51984 longitude.

Extract site Brasschaat, static data for CLM5-EU3-surf variable PCT_LAKE
Location: 51.30761 latitude, 4.51984 longitude.

Extract site Brasschaat, static data for CLM5-EU3-surf variable PCT_WETLAND
Location: 51.30761 latitude, 4.51984 longitude.

Extract site Brasschaat, static data for CLM5-EU3-surf variable PCT_NAT_PFT
Location: 51.30761 latitude, 4.51984 longitude.

Extract site Brasschaat, static data for CLM5-EU3-surf variable PCT_CFT
Location: 51.30761 latitude, 4.51984 longitude.

Extract site Dorinne, static data for CLM5-EU3-surf variable PCT_NATVEG
Location: 50.311874 latitude, 4.968113 longitude.

Extract site Dorinne, static data for CLM5-EU3-surf variable PCT_CROP
Location: 50.311874 latitude, 4.968113 longitude.

Extract site Dorinne, static data for CLM5-EU3-surf variable PCT_LAKE
Location: 50.311874 latitude, 4.968113 longitude.

Extract site Dorinne, static data for CLM5-EU3-surf variable PCT_WETLAND
Location: 50.311874 latitude, 4.968113 longitude.

Extract site Dorinne, static data for CLM5-EU3-surf variable PCT_NAT_PFT
Location: 50.311874 latitude, 4.968113 longitude.

Extract site Dorinne, static data for CLM5-EU3-surf variable PCT_CFT
Location: 50.311874 latitude, 4.968113 longitude.

Extract site Lochristi, static data for CLM5-EU3-surf variable PCT_NATVEG
Location: 51.11218 latitude, 3.85043 longitude.

Extract site Lochristi, static data for CLM5-EU3-surf variable PCT_CROP
Location: 51.11218 latitude, 3.85043 longitude.

Extract site Lochristi, static data for CLM5-EU3-surf variable PCT_LAKE
Location: 51.11218 latitude, 3.85043 longitude.

Extract site Lochristi, static data for CLM5-EU3-surf variable PCT_WETLAND
Location: 51.11218 latitude, 3.85043 longitude.

Extract site Lochristi, static data for CLM5-EU3-surf variable PCT_NAT_PFT
Location: 51.11218 latitude, 3.85043 longitude.

Extract site Lochristi, static data for CLM5-EU3-surf variable PCT_CFT
Location: 51.11218 latitude, 3.85043 longitude.

Extract site Lonzée, static data for CLM5-EU3-surf variable PCT_NATVEG
Location: 50.55162 latitude, 4.746234 longitude.

Extract site Lonzée, static data for CLM5-EU3-surf variable PCT_CROP
Location: 50.55162 latitude, 4.746234 longitude.

Extract site Lonzée, static data for CLM5-EU3-surf variable PCT_LAKE
Location: 50.55162 latitude, 4.746234 longitude.

Extract site Lonzée, static data for CLM5-EU3-surf variable PCT_WETLAND
Location: 50.55162 latitude, 4.746234 longitude.

Extract site Lonzée, static data for CLM5-EU3-surf variable PCT_NAT_PFT
Location: 50.55162 latitude, 4.746234 longitude.

Extract site Lonzée, static data for CLM5-EU3-surf variable PCT_CFT
Location: 50.55162 latitude, 4.746234 longitude.

Extract site Maasmechelen, static data for CLM5-EU3-surf variable PCT_NATVEG
Location: 50.97987 latitude, 5.631851 longitude.

Extract site Maasmechelen, static data for CLM5-EU3-surf variable PCT_CROP
Location: 50.97987 latitude, 5.631851 longitude.

Extract site Maasmechelen, static data for CLM5-EU3-surf variable PCT_LAKE
Location: 50.97987 latitude, 5.631851 longitude.

Extract site Maasmechelen, static data for CLM5-EU3-surf variable PCT_WETLAND
Location: 50.97987 latitude, 5.631851 longitude.

Extract site Maasmechelen, static data for CLM5-EU3-surf variable PCT_NAT_PFT
Location: 50.97987 latitude, 5.631851 longitude.

Extract site Maasmechelen, static data for CLM5-EU3-surf variable PCT_CFT
Location: 50.97987 latitude, 5.631851 longitude.

Extract site Vielsalm, static data for CLM5-EU3-surf variable PCT_NATVEG
Location: 50.304962 latitude, 5.998099 longitude.

Extract site Vielsalm, static data for CLM5-EU3-surf variable PCT_CROP
Location: 50.304962 latitude, 5.998099 longitude.

Extract site Vielsalm, static data for CLM5-EU3-surf variable PCT_LAKE
Location: 50.304962 latitude, 5.998099 longitude.

Extract site Vielsalm, static data for CLM5-EU3-surf variable PCT_WETLAND
Location: 50.304962 latitude, 5.998099 longitude.

Extract site Vielsalm, static data for CLM5-EU3-surf variable PCT_NAT_PFT
Location: 50.304962 latitude, 5.998099 longitude.

Extract site Vielsalm, static data for CLM5-EU3-surf variable PCT_CFT
Location: 50.304962 latitude, 5.998099 longitude.

Extract site Alp Weissenstein, static data for CLM5-EU3-surf variable PCT_NATVEG
Location: 46.583306 latitude, 9.790417 longitude.

Extract site Alp Weissenstein, static data for CLM5-EU3-surf variable PCT_CROP
Location: 46.583306 latitude, 9.790417 longitude.

Extract site Alp Weissenstein, static data for CLM5-EU3-surf variable PCT_LAKE
Location: 46.583306 latitude, 9.790417 longitude.

Extract site Alp Weissenstein, static data for CLM5-EU3-surf variable PCT_WETLAND
Location: 46.583306 latitude, 9.790417 longitude.

Extract site Alp Weissenstein, static data for CLM5-EU3-surf variable PCT_NAT_PFT
Location: 46.583306 latitude, 9.790417 longitude.

Extract site Alp Weissenstein, static data for CLM5-EU3-surf variable PCT_CFT
Location: 46.583306 latitude, 9.790417 longitude.

Extract site Chamau grassland, static data for CLM5-EU3-surf variable PCT_NATVEG
Location: 47.21022 latitude, 8.41044 longitude.

Extract site Chamau grassland, static data for CLM5-EU3-surf variable PCT_CROP
Location: 47.21022 latitude, 8.41044 longitude.

Extract site Chamau grassland, static data for CLM5-EU3-surf variable PCT_LAKE
Location: 47.21022 latitude, 8.41044 longitude.

Extract site Chamau grassland, static data for CLM5-EU3-surf variable PCT_WETLAND
Location: 47.21022 latitude, 8.41044 longitude.

Extract site Chamau grassland, static data for CLM5-EU3-surf variable PCT_NAT_PFT
Location: 47.21022 latitude, 8.41044 longitude.

Extract site Chamau grassland, static data for CLM5-EU3-surf variable PCT_CFT
Location: 47.21022 latitude, 8.41044 longitude.

Extract site Davos, static data for CLM5-EU3-surf variable PCT_NATVEG
Location: 46.81533 latitude, 9.85591 longitude.

Extract site Davos, static data for CLM5-EU3-surf variable PCT_CROP
Location: 46.81533 latitude, 9.85591 longitude.

Extract site Davos, static data for CLM5-EU3-surf variable PCT_LAKE
Location: 46.81533 latitude, 9.85591 longitude.

Extract site Davos, static data for CLM5-EU3-surf variable PCT_WETLAND
Location: 46.81533 latitude, 9.85591 longitude.

Extract site Davos, static data for CLM5-EU3-surf variable PCT_NAT_PFT
Location: 46.81533 latitude, 9.85591 longitude.

Extract site Davos, static data for CLM5-EU3-surf variable PCT_CFT
Location: 46.81533 latitude, 9.85591 longitude.

Extract site Früebüel grassland, static data for CLM5-EU3-surf variable PCT_NATVEG
Location: 47.11583 latitude, 8.53778 longitude.

Extract site Früebüel grassland, static data for CLM5-EU3-surf variable PCT_CROP
Location: 47.11583 latitude, 8.53778 longitude.

Extract site Früebüel grassland, static data for CLM5-EU3-surf variable PCT_LAKE
Location: 47.11583 latitude, 8.53778 longitude.

Extract site Früebüel grassland, static data for CLM5-EU3-surf variable PCT_WETLAND
Location: 47.11583 latitude, 8.53778 longitude.

Extract site Früebüel grassland, static data for CLM5-EU3-surf variable PCT_NAT_PFT
Location: 47.11583 latitude, 8.53778 longitude.

Extract site Früebüel grassland, static data for CLM5-EU3-surf variable PCT_CFT
Location: 47.11583 latitude, 8.53778 longitude.

Extract site Lägern, static data for CLM5-EU3-surf variable PCT_NATVEG
Location: 47.47808 latitude, 8.365 longitude.

Extract site Lägern, static data for CLM5-EU3-surf variable PCT_CROP
Location: 47.47808 latitude, 8.365 longitude.

Extract site Lägern, static data for CLM5-EU3-surf variable PCT_LAKE
Location: 47.47808 latitude, 8.365 longitude.

Extract site Lägern, static data for CLM5-EU3-surf variable PCT_WETLAND
Location: 47.47808 latitude, 8.365 longitude.

Extract site Lägern, static data for CLM5-EU3-surf variable PCT_NAT_PFT
Location: 47.47808 latitude, 8.365 longitude.

Extract site Lägern, static data for CLM5-EU3-surf variable PCT_CFT
Location: 47.47808 latitude, 8.365 longitude.

Extract site Oensingen crop, static data for CLM5-EU3-surf variable PCT_NATVEG
Location: 47.28631 latitude, 7.73433 longitude.

Extract site Oensingen crop, static data for CLM5-EU3-surf variable PCT_CROP
Location: 47.28631 latitude, 7.73433 longitude.

Extract site Oensingen crop, static data for CLM5-EU3-surf variable PCT_LAKE
Location: 47.28631 latitude, 7.73433 longitude.

Extract site Oensingen crop, static data for CLM5-EU3-surf variable PCT_WETLAND
Location: 47.28631 latitude, 7.73433 longitude.

Extract site Oensingen crop, static data for CLM5-EU3-surf variable PCT_NAT_PFT
Location: 47.28631 latitude, 7.73433 longitude.

Extract site Oensingen crop, static data for CLM5-EU3-surf variable PCT_CFT
Location: 47.28631 latitude, 7.73433 longitude.

Extract site Bily Kriz forest, static data for CLM5-EU3-surf variable PCT_NATVEG
Location: 49.502075 latitude, 18.536882 longitude.

Extract site Bily Kriz forest, static data for CLM5-EU3-surf variable PCT_CROP
Location: 49.502075 latitude, 18.536882 longitude.

Extract site Bily Kriz forest, static data for CLM5-EU3-surf variable PCT_LAKE
Location: 49.502075 latitude, 18.536882 longitude.

Extract site Bily Kriz forest, static data for CLM5-EU3-surf variable PCT_WETLAND
Location: 49.502075 latitude, 18.536882 longitude.

Extract site Bily Kriz forest, static data for CLM5-EU3-surf variable PCT_NAT_PFT
Location: 49.502075 latitude, 18.536882 longitude.

Extract site Bily Kriz forest, static data for CLM5-EU3-surf variable PCT_CFT
Location: 49.502075 latitude, 18.536882 longitude.

Extract site Kresin u Pacova, static data for CLM5-EU3-surf variable PCT_NATVEG
Location: 49.573257 latitude, 15.078773 longitude.

Extract site Kresin u Pacova, static data for CLM5-EU3-surf variable PCT_CROP
Location: 49.573257 latitude, 15.078773 longitude.

Extract site Kresin u Pacova, static data for CLM5-EU3-surf variable PCT_LAKE
Location: 49.573257 latitude, 15.078773 longitude.

Extract site Kresin u Pacova, static data for CLM5-EU3-surf variable PCT_WETLAND
Location: 49.573257 latitude, 15.078773 longitude.

Extract site Kresin u Pacova, static data for CLM5-EU3-surf variable PCT_NAT_PFT
Location: 49.573257 latitude, 15.078773 longitude.

Extract site Kresin u Pacova, static data for CLM5-EU3-surf variable PCT_CFT
Location: 49.573257 latitude, 15.078773 longitude.

Extract site Lanzhot, static data for CLM5-EU3-surf variable PCT_NATVEG
Location: 48.68155 latitude, 16.946331 longitude.

Extract site Lanzhot, static data for CLM5-EU3-surf variable PCT_CROP
Location: 48.68155 latitude, 16.946331 longitude.

Extract site Lanzhot, static data for CLM5-EU3-surf variable PCT_LAKE
Location: 48.68155 latitude, 16.946331 longitude.

Extract site Lanzhot, static data for CLM5-EU3-surf variable PCT_WETLAND
Location: 48.68155 latitude, 16.946331 longitude.

Extract site Lanzhot, static data for CLM5-EU3-surf variable PCT_NAT_PFT
Location: 48.68155 latitude, 16.946331 longitude.

Extract site Lanzhot, static data for CLM5-EU3-surf variable PCT_CFT
Location: 48.68155 latitude, 16.946331 longitude.

Extract site Rajec, static data for CLM5-EU3-surf variable PCT_NATVEG
Location: 49.4437236 latitude, 16.6965125 longitude.

Extract site Rajec, static data for CLM5-EU3-surf variable PCT_CROP
Location: 49.4437236 latitude, 16.6965125 longitude.

Extract site Rajec, static data for CLM5-EU3-surf variable PCT_LAKE
Location: 49.4437236 latitude, 16.6965125 longitude.

Extract site Rajec, static data for CLM5-EU3-surf variable PCT_WETLAND
Location: 49.4437236 latitude, 16.6965125 longitude.

Extract site Rajec, static data for CLM5-EU3-surf variable PCT_NAT_PFT
Location: 49.4437236 latitude, 16.6965125 longitude.

Extract site Rajec, static data for CLM5-EU3-surf variable PCT_CFT
Location: 49.4437236 latitude, 16.6965125 longitude.

Extract site Stitna, static data for CLM5-EU3-surf variable PCT_NATVEG
Location: 49.035975 latitude, 17.9699 longitude.

Extract site Stitna, static data for CLM5-EU3-surf variable PCT_CROP
Location: 49.035975 latitude, 17.9699 longitude.

Extract site Stitna, static data for CLM5-EU3-surf variable PCT_LAKE
Location: 49.035975 latitude, 17.9699 longitude.

Extract site Stitna, static data for CLM5-EU3-surf variable PCT_WETLAND
Location: 49.035975 latitude, 17.9699 longitude.

Extract site Stitna, static data for CLM5-EU3-surf variable PCT_NAT_PFT
Location: 49.035975 latitude, 17.9699 longitude.

Extract site Stitna, static data for CLM5-EU3-surf variable PCT_CFT
Location: 49.035975 latitude, 17.9699 longitude.

Extract site Trebon, static data for CLM5-EU3-surf variable PCT_NATVEG
Location: 49.02465 latitude, 14.77035 longitude.

Extract site Trebon, static data for CLM5-EU3-surf variable PCT_CROP
Location: 49.02465 latitude, 14.77035 longitude.

Extract site Trebon, static data for CLM5-EU3-surf variable PCT_LAKE
Location: 49.02465 latitude, 14.77035 longitude.

Extract site Trebon, static data for CLM5-EU3-surf variable PCT_WETLAND
Location: 49.02465 latitude, 14.77035 longitude.

Extract site Trebon, static data for CLM5-EU3-surf variable PCT_NAT_PFT
Location: 49.02465 latitude, 14.77035 longitude.

Extract site Trebon, static data for CLM5-EU3-surf variable PCT_CFT
Location: 49.02465 latitude, 14.77035 longitude.

Extract site Anklam, static data for CLM5-EU3-surf variable PCT_NATVEG
Location: 53.86617 latitude, 13.68342 longitude.

Extract site Anklam, static data for CLM5-EU3-surf variable PCT_CROP
Location: 53.86617 latitude, 13.68342 longitude.

Extract site Anklam, static data for CLM5-EU3-surf variable PCT_LAKE
Location: 53.86617 latitude, 13.68342 longitude.

Extract site Anklam, static data for CLM5-EU3-surf variable PCT_WETLAND
Location: 53.86617 latitude, 13.68342 longitude.

Extract site Anklam, static data for CLM5-EU3-surf variable PCT_NAT_PFT
Location: 53.86617 latitude, 13.68342 longitude.

Extract site Anklam, static data for CLM5-EU3-surf variable PCT_CFT
Location: 53.86617 latitude, 13.68342 longitude.

Extract site Gebesee, static data for CLM5-EU3-surf variable PCT_NATVEG
Location: 51.09973 latitude, 10.91463 longitude.

Extract site Gebesee, static data for CLM5-EU3-surf variable PCT_CROP
Location: 51.09973 latitude, 10.91463 longitude.

Extract site Gebesee, static data for CLM5-EU3-surf variable PCT_LAKE
Location: 51.09973 latitude, 10.91463 longitude.

Extract site Gebesee, static data for CLM5-EU3-surf variable PCT_WETLAND
Location: 51.09973 latitude, 10.91463 longitude.

Extract site Gebesee, static data for CLM5-EU3-surf variable PCT_NAT_PFT
Location: 51.09973 latitude, 10.91463 longitude.

Extract site Gebesee, static data for CLM5-EU3-surf variable PCT_CFT
Location: 51.09973 latitude, 10.91463 longitude.

Extract site Grillenburg, static data for CLM5-EU3-surf variable PCT_NATVEG
Location: 50.95004 latitude, 13.51259 longitude.

Extract site Grillenburg, static data for CLM5-EU3-surf variable PCT_CROP
Location: 50.95004 latitude, 13.51259 longitude.

Extract site Grillenburg, static data for CLM5-EU3-surf variable PCT_LAKE
Location: 50.95004 latitude, 13.51259 longitude.

Extract site Grillenburg, static data for CLM5-EU3-surf variable PCT_WETLAND
Location: 50.95004 latitude, 13.51259 longitude.

Extract site Grillenburg, static data for CLM5-EU3-surf variable PCT_NAT_PFT
Location: 50.95004 latitude, 13.51259 longitude.

Extract site Grillenburg, static data for CLM5-EU3-surf variable PCT_CFT
Location: 50.95004 latitude, 13.51259 longitude.

Extract site Hainich, static data for CLM5-EU3-surf variable PCT_NATVEG
Location: 51.079407 latitude, 10.452089 longitude.

Extract site Hainich, static data for CLM5-EU3-surf variable PCT_CROP
Location: 51.079407 latitude, 10.452089 longitude.

Extract site Hainich, static data for CLM5-EU3-surf variable PCT_LAKE
Location: 51.079407 latitude, 10.452089 longitude.

Extract site Hainich, static data for CLM5-EU3-surf variable PCT_WETLAND
Location: 51.079407 latitude, 10.452089 longitude.

Extract site Hainich, static data for CLM5-EU3-surf variable PCT_NAT_PFT
Location: 51.079407 latitude, 10.452089 longitude.

Extract site Hainich, static data for CLM5-EU3-surf variable PCT_CFT
Location: 51.079407 latitude, 10.452089 longitude.

Extract site Hohes Holz, static data for CLM5-EU3-surf variable PCT_NATVEG
Location: 52.08656 latitude, 11.22235 longitude.

Extract site Hohes Holz, static data for CLM5-EU3-surf variable PCT_CROP
Location: 52.08656 latitude, 11.22235 longitude.

Extract site Hohes Holz, static data for CLM5-EU3-surf variable PCT_LAKE
Location: 52.08656 latitude, 11.22235 longitude.

Extract site Hohes Holz, static data for CLM5-EU3-surf variable PCT_WETLAND
Location: 52.08656 latitude, 11.22235 longitude.

Extract site Hohes Holz, static data for CLM5-EU3-surf variable PCT_NAT_PFT
Location: 52.08656 latitude, 11.22235 longitude.

Extract site Hohes Holz, static data for CLM5-EU3-surf variable PCT_CFT
Location: 52.08656 latitude, 11.22235 longitude.

Extract site Hetzdorf, static data for CLM5-EU3-surf variable PCT_NATVEG
Location: 50.96381 latitude, 13.48978 longitude.

Extract site Hetzdorf, static data for CLM5-EU3-surf variable PCT_CROP
Location: 50.96381 latitude, 13.48978 longitude.

Extract site Hetzdorf, static data for CLM5-EU3-surf variable PCT_LAKE
Location: 50.96381 latitude, 13.48978 longitude.

Extract site Hetzdorf, static data for CLM5-EU3-surf variable PCT_WETLAND
Location: 50.96381 latitude, 13.48978 longitude.

Extract site Hetzdorf, static data for CLM5-EU3-surf variable PCT_NAT_PFT
Location: 50.96381 latitude, 13.48978 longitude.

Extract site Hetzdorf, static data for CLM5-EU3-surf variable PCT_CFT
Location: 50.96381 latitude, 13.48978 longitude.

Extract site Klingenberg, static data for CLM5-EU3-surf variable PCT_NATVEG
Location: 50.89306 latitude, 13.52238 longitude.

Extract site Klingenberg, static data for CLM5-EU3-surf variable PCT_CROP
Location: 50.89306 latitude, 13.52238 longitude.

Extract site Klingenberg, static data for CLM5-EU3-surf variable PCT_LAKE
Location: 50.89306 latitude, 13.52238 longitude.

Extract site Klingenberg, static data for CLM5-EU3-surf variable PCT_WETLAND
Location: 50.89306 latitude, 13.52238 longitude.

Extract site Klingenberg, static data for CLM5-EU3-surf variable PCT_NAT_PFT
Location: 50.89306 latitude, 13.52238 longitude.

Extract site Klingenberg, static data for CLM5-EU3-surf variable PCT_CFT
Location: 50.89306 latitude, 13.52238 longitude.

Extract site Oberbärenburg, static data for CLM5-EU3-surf variable PCT_NATVEG
Location: 50.78666 latitude, 13.72129 longitude.

Extract site Oberbärenburg, static data for CLM5-EU3-surf variable PCT_CROP
Location: 50.78666 latitude, 13.72129 longitude.

Extract site Oberbärenburg, static data for CLM5-EU3-surf variable PCT_LAKE
Location: 50.78666 latitude, 13.72129 longitude.

Extract site Oberbärenburg, static data for CLM5-EU3-surf variable PCT_WETLAND
Location: 50.78666 latitude, 13.72129 longitude.

Extract site Oberbärenburg, static data for CLM5-EU3-surf variable PCT_NAT_PFT
Location: 50.78666 latitude, 13.72129 longitude.

Extract site Oberbärenburg, static data for CLM5-EU3-surf variable PCT_CFT
Location: 50.78666 latitude, 13.72129 longitude.

Extract site Rollesbroich, static data for CLM5-EU3-surf variable PCT_NATVEG
Location: 50.621914 latitude, 6.304126 longitude.

Extract site Rollesbroich, static data for CLM5-EU3-surf variable PCT_CROP
Location: 50.621914 latitude, 6.304126 longitude.

Extract site Rollesbroich, static data for CLM5-EU3-surf variable PCT_LAKE
Location: 50.621914 latitude, 6.304126 longitude.

Extract site Rollesbroich, static data for CLM5-EU3-surf variable PCT_WETLAND
Location: 50.621914 latitude, 6.304126 longitude.

Extract site Rollesbroich, static data for CLM5-EU3-surf variable PCT_NAT_PFT
Location: 50.621914 latitude, 6.304126 longitude.

Extract site Rollesbroich, static data for CLM5-EU3-surf variable PCT_CFT
Location: 50.621914 latitude, 6.304126 longitude.

Extract site Selhausen Jülich, static data for CLM5-EU3-surf variable PCT_NATVEG
Location: 50.865906 latitude, 6.4471445 longitude.

Extract site Selhausen Jülich, static data for CLM5-EU3-surf variable PCT_CROP
Location: 50.865906 latitude, 6.4471445 longitude.

Extract site Selhausen Jülich, static data for CLM5-EU3-surf variable PCT_LAKE
Location: 50.865906 latitude, 6.4471445 longitude.

Extract site Selhausen Jülich, static data for CLM5-EU3-surf variable PCT_WETLAND
Location: 50.865906 latitude, 6.4471445 longitude.

Extract site Selhausen Jülich, static data for CLM5-EU3-surf variable PCT_NAT_PFT
Location: 50.865906 latitude, 6.4471445 longitude.

Extract site Selhausen Jülich, static data for CLM5-EU3-surf variable PCT_CFT
Location: 50.865906 latitude, 6.4471445 longitude.

Extract site Wüstebach, static data for CLM5-EU3-surf variable PCT_NATVEG
Location: 50.50493 latitude, 6.330963 longitude.

Extract site Wüstebach, static data for CLM5-EU3-surf variable PCT_CROP
Location: 50.50493 latitude, 6.330963 longitude.

Extract site Wüstebach, static data for CLM5-EU3-surf variable PCT_LAKE
Location: 50.50493 latitude, 6.330963 longitude.

Extract site Wüstebach, static data for CLM5-EU3-surf variable PCT_WETLAND
Location: 50.50493 latitude, 6.330963 longitude.

Extract site Wüstebach, static data for CLM5-EU3-surf variable PCT_NAT_PFT
Location: 50.50493 latitude, 6.330963 longitude.

Extract site Wüstebach, static data for CLM5-EU3-surf variable PCT_CFT
Location: 50.50493 latitude, 6.330963 longitude.

Extract site Tharandt, static data for CLM5-EU3-surf variable PCT_NATVEG
Location: 50.96256 latitude, 13.56515 longitude.

Extract site Tharandt, static data for CLM5-EU3-surf variable PCT_CROP
Location: 50.96256 latitude, 13.56515 longitude.

Extract site Tharandt, static data for CLM5-EU3-surf variable PCT_LAKE
Location: 50.96256 latitude, 13.56515 longitude.

Extract site Tharandt, static data for CLM5-EU3-surf variable PCT_WETLAND
Location: 50.96256 latitude, 13.56515 longitude.

Extract site Tharandt, static data for CLM5-EU3-surf variable PCT_NAT_PFT
Location: 50.96256 latitude, 13.56515 longitude.

Extract site Tharandt, static data for CLM5-EU3-surf variable PCT_CFT
Location: 50.96256 latitude, 13.56515 longitude.

Extract site Gludsted Plantage, static data for CLM5-EU3-surf variable PCT_NATVEG
Location: 56.0737 latitude, 9.3341 longitude.

Extract site Gludsted Plantage, static data for CLM5-EU3-surf variable PCT_CROP
Location: 56.0737 latitude, 9.3341 longitude.

Extract site Gludsted Plantage, static data for CLM5-EU3-surf variable PCT_LAKE
Location: 56.0737 latitude, 9.3341 longitude.

Extract site Gludsted Plantage, static data for CLM5-EU3-surf variable PCT_WETLAND
Location: 56.0737 latitude, 9.3341 longitude.

Extract site Gludsted Plantage, static data for CLM5-EU3-surf variable PCT_NAT_PFT
Location: 56.0737 latitude, 9.3341 longitude.

Extract site Gludsted Plantage, static data for CLM5-EU3-surf variable PCT_CFT
Location: 56.0737 latitude, 9.3341 longitude.

Extract site Soroe, static data for CLM5-EU3-surf variable PCT_NATVEG
Location: 55.48587 latitude, 11.644645 longitude.

Extract site Soroe, static data for CLM5-EU3-surf variable PCT_CROP
Location: 55.48587 latitude, 11.644645 longitude.

Extract site Soroe, static data for CLM5-EU3-surf variable PCT_LAKE
Location: 55.48587 latitude, 11.644645 longitude.

Extract site Soroe, static data for CLM5-EU3-surf variable PCT_WETLAND
Location: 55.48587 latitude, 11.644645 longitude.

Extract site Soroe, static data for CLM5-EU3-surf variable PCT_NAT_PFT
Location: 55.48587 latitude, 11.644645 longitude.

Extract site Soroe, static data for CLM5-EU3-surf variable PCT_CFT
Location: 55.48587 latitude, 11.644645 longitude.

Extract site Albuera, static data for CLM5-EU3-surf variable PCT_NATVEG
Location: 38.701839 latitude, -6.785881 longitude.

Extract site Albuera, static data for CLM5-EU3-surf variable PCT_CROP
Location: 38.701839 latitude, -6.785881 longitude.

Extract site Albuera, static data for CLM5-EU3-surf variable PCT_LAKE
Location: 38.701839 latitude, -6.785881 longitude.

Extract site Albuera, static data for CLM5-EU3-surf variable PCT_WETLAND
Location: 38.701839 latitude, -6.785881 longitude.

Extract site Albuera, static data for CLM5-EU3-surf variable PCT_NAT_PFT
Location: 38.701839 latitude, -6.785881 longitude.

Extract site Albuera, static data for CLM5-EU3-surf variable PCT_CFT
Location: 38.701839 latitude, -6.785881 longitude.

Extract site Aguamarga, static data for CLM5-EU3-surf variable PCT_NATVEG
Location: 36.940046 latitude, -2.033208 longitude.

Extract site Aguamarga, static data for CLM5-EU3-surf variable PCT_CROP
Location: 36.940046 latitude, -2.033208 longitude.

Extract site Aguamarga, static data for CLM5-EU3-surf variable PCT_LAKE
Location: 36.940046 latitude, -2.033208 longitude.

Extract site Aguamarga, static data for CLM5-EU3-surf variable PCT_WETLAND
Location: 36.940046 latitude, -2.033208 longitude.

Extract site Aguamarga, static data for CLM5-EU3-surf variable PCT_NAT_PFT
Location: 36.940046 latitude, -2.033208 longitude.

Extract site Aguamarga, static data for CLM5-EU3-surf variable PCT_CFT
Location: 36.940046 latitude, -2.033208 longitude.

Extract site Conde, static data for CLM5-EU3-surf variable PCT_NATVEG
Location: 37.914998 latitude, -3.227659 longitude.

Extract site Conde, static data for CLM5-EU3-surf variable PCT_CROP
Location: 37.914998 latitude, -3.227659 longitude.

Extract site Conde, static data for CLM5-EU3-surf variable PCT_LAKE
Location: 37.914998 latitude, -3.227659 longitude.

Extract site Conde, static data for CLM5-EU3-surf variable PCT_WETLAND
Location: 37.914998 latitude, -3.227659 longitude.

Extract site Conde, static data for CLM5-EU3-surf variable PCT_NAT_PFT
Location: 37.914998 latitude, -3.227659 longitude.

Extract site Conde, static data for CLM5-EU3-surf variable PCT_CFT
Location: 37.914998 latitude, -3.227659 longitude.

Extract site LLano de los Juanes, static data for CLM5-EU3-surf variable PCT_NATVEG
Location: 36.926594 latitude, -2.752115 longitude.

Extract site LLano de los Juanes, static data for CLM5-EU3-surf variable PCT_CROP
Location: 36.926594 latitude, -2.752115 longitude.

Extract site LLano de los Juanes, static data for CLM5-EU3-surf variable PCT_LAKE
Location: 36.926594 latitude, -2.752115 longitude.

Extract site LLano de los Juanes, static data for CLM5-EU3-surf variable PCT_WETLAND
Location: 36.926594 latitude, -2.752115 longitude.

Extract site LLano de los Juanes, static data for CLM5-EU3-surf variable PCT_NAT_PFT
Location: 36.926594 latitude, -2.752115 longitude.

Extract site LLano de los Juanes, static data for CLM5-EU3-surf variable PCT_CFT
Location: 36.926594 latitude, -2.752115 longitude.

Extract site Majadas del Tietar North, static data for CLM5-EU3-surf variable PCT_NATVEG
Location: 39.94269 latitude, -5.778683 longitude.

Extract site Majadas del Tietar North, static data for CLM5-EU3-surf variable PCT_CROP
Location: 39.94269 latitude, -5.778683 longitude.

Extract site Majadas del Tietar North, static data for CLM5-EU3-surf variable PCT_LAKE
Location: 39.94269 latitude, -5.778683 longitude.

Extract site Majadas del Tietar North, static data for CLM5-EU3-surf variable PCT_WETLAND
Location: 39.94269 latitude, -5.778683 longitude.

Extract site Majadas del Tietar North, static data for CLM5-EU3-surf variable PCT_NAT_PFT
Location: 39.94269 latitude, -5.778683 longitude.

Extract site Majadas del Tietar North, static data for CLM5-EU3-surf variable PCT_CFT
Location: 39.94269 latitude, -5.778683 longitude.

Extract site Majadas del Tietar South, static data for CLM5-EU3-surf variable PCT_NATVEG
Location: 39.934592 latitude, -5.775881 longitude.

Extract site Majadas del Tietar South, static data for CLM5-EU3-surf variable PCT_CROP
Location: 39.934592 latitude, -5.775881 longitude.

Extract site Majadas del Tietar South, static data for CLM5-EU3-surf variable PCT_LAKE
Location: 39.934592 latitude, -5.775881 longitude.

Extract site Majadas del Tietar South, static data for CLM5-EU3-surf variable PCT_WETLAND
Location: 39.934592 latitude, -5.775881 longitude.

Extract site Majadas del Tietar South, static data for CLM5-EU3-surf variable PCT_NAT_PFT
Location: 39.934592 latitude, -5.775881 longitude.

Extract site Majadas del Tietar South, static data for CLM5-EU3-surf variable PCT_CFT
Location: 39.934592 latitude, -5.775881 longitude.

Extract site Hyytiälä, static data for CLM5-EU3-surf variable PCT_NATVEG
Location: 61.84741 latitude, 24.29477 longitude.

Extract site Hyytiälä, static data for CLM5-EU3-surf variable PCT_CROP
Location: 61.84741 latitude, 24.29477 longitude.

Extract site Hyytiälä, static data for CLM5-EU3-surf variable PCT_LAKE
Location: 61.84741 latitude, 24.29477 longitude.

Extract site Hyytiälä, static data for CLM5-EU3-surf variable PCT_WETLAND
Location: 61.84741 latitude, 24.29477 longitude.

Extract site Hyytiälä, static data for CLM5-EU3-surf variable PCT_NAT_PFT
Location: 61.84741 latitude, 24.29477 longitude.

Extract site Hyytiälä, static data for CLM5-EU3-surf variable PCT_CFT
Location: 61.84741 latitude, 24.29477 longitude.

Extract site Kenttarova, static data for CLM5-EU3-surf variable PCT_NATVEG
Location: 67.98721 latitude, 24.24301 longitude.

Extract site Kenttarova, static data for CLM5-EU3-surf variable PCT_CROP
Location: 67.98721 latitude, 24.24301 longitude.

Extract site Kenttarova, static data for CLM5-EU3-surf variable PCT_LAKE
Location: 67.98721 latitude, 24.24301 longitude.

Extract site Kenttarova, static data for CLM5-EU3-surf variable PCT_WETLAND
Location: 67.98721 latitude, 24.24301 longitude.

Extract site Kenttarova, static data for CLM5-EU3-surf variable PCT_NAT_PFT
Location: 67.98721 latitude, 24.24301 longitude.

Extract site Kenttarova, static data for CLM5-EU3-surf variable PCT_CFT
Location: 67.98721 latitude, 24.24301 longitude.

Extract site Lettosuo, static data for CLM5-EU3-surf variable PCT_NATVEG
Location: 60.64183 latitude, 23.95952 longitude.

Extract site Lettosuo, static data for CLM5-EU3-surf variable PCT_CROP
Location: 60.64183 latitude, 23.95952 longitude.

Extract site Lettosuo, static data for CLM5-EU3-surf variable PCT_LAKE
Location: 60.64183 latitude, 23.95952 longitude.

Extract site Lettosuo, static data for CLM5-EU3-surf variable PCT_WETLAND
Location: 60.64183 latitude, 23.95952 longitude.

Extract site Lettosuo, static data for CLM5-EU3-surf variable PCT_NAT_PFT
Location: 60.64183 latitude, 23.95952 longitude.

Extract site Lettosuo, static data for CLM5-EU3-surf variable PCT_CFT
Location: 60.64183 latitude, 23.95952 longitude.

Extract site Qvidja, static data for CLM5-EU3-surf variable PCT_NATVEG
Location: 60.295242 latitude, 22.391607 longitude.

Extract site Qvidja, static data for CLM5-EU3-surf variable PCT_CROP
Location: 60.295242 latitude, 22.391607 longitude.

Extract site Qvidja, static data for CLM5-EU3-surf variable PCT_LAKE
Location: 60.295242 latitude, 22.391607 longitude.

Extract site Qvidja, static data for CLM5-EU3-surf variable PCT_WETLAND
Location: 60.295242 latitude, 22.391607 longitude.

Extract site Qvidja, static data for CLM5-EU3-surf variable PCT_NAT_PFT
Location: 60.295242 latitude, 22.391607 longitude.

Extract site Qvidja, static data for CLM5-EU3-surf variable PCT_CFT
Location: 60.295242 latitude, 22.391607 longitude.

Extract site Siikaneva, static data for CLM5-EU3-surf variable PCT_NATVEG
Location: 61.83265 latitude, 24.19285 longitude.

Extract site Siikaneva, static data for CLM5-EU3-surf variable PCT_CROP
Location: 61.83265 latitude, 24.19285 longitude.

Extract site Siikaneva, static data for CLM5-EU3-surf variable PCT_LAKE
Location: 61.83265 latitude, 24.19285 longitude.

Extract site Siikaneva, static data for CLM5-EU3-surf variable PCT_WETLAND
Location: 61.83265 latitude, 24.19285 longitude.

Extract site Siikaneva, static data for CLM5-EU3-surf variable PCT_NAT_PFT
Location: 61.83265 latitude, 24.19285 longitude.

Extract site Siikaneva, static data for CLM5-EU3-surf variable PCT_CFT
Location: 61.83265 latitude, 24.19285 longitude.

Extract site Varriö, static data for CLM5-EU3-surf variable PCT_NATVEG
Location: 67.7549 latitude, 29.61 longitude.

Extract site Varriö, static data for CLM5-EU3-surf variable PCT_CROP
Location: 67.7549 latitude, 29.61 longitude.

Extract site Varriö, static data for CLM5-EU3-surf variable PCT_LAKE
Location: 67.7549 latitude, 29.61 longitude.

Extract site Varriö, static data for CLM5-EU3-surf variable PCT_WETLAND
Location: 67.7549 latitude, 29.61 longitude.

Extract site Varriö, static data for CLM5-EU3-surf variable PCT_NAT_PFT
Location: 67.7549 latitude, 29.61 longitude.

Extract site Varriö, static data for CLM5-EU3-surf variable PCT_CFT
Location: 67.7549 latitude, 29.61 longitude.

Extract site Aurade, static data for CLM5-EU3-surf variable PCT_NATVEG
Location: 43.54965 latitude, 1.106103 longitude.

Extract site Aurade, static data for CLM5-EU3-surf variable PCT_CROP
Location: 43.54965 latitude, 1.106103 longitude.

Extract site Aurade, static data for CLM5-EU3-surf variable PCT_LAKE
Location: 43.54965 latitude, 1.106103 longitude.

Extract site Aurade, static data for CLM5-EU3-surf variable PCT_WETLAND
Location: 43.54965 latitude, 1.106103 longitude.

Extract site Aurade, static data for CLM5-EU3-surf variable PCT_NAT_PFT
Location: 43.54965 latitude, 1.106103 longitude.

Extract site Aurade, static data for CLM5-EU3-surf variable PCT_CFT
Location: 43.54965 latitude, 1.106103 longitude.

Extract site Bilos, static data for CLM5-EU3-surf variable PCT_NATVEG
Location: 44.493652 latitude, -0.956092 longitude.

Extract site Bilos, static data for CLM5-EU3-surf variable PCT_CROP
Location: 44.493652 latitude, -0.956092 longitude.

Extract site Bilos, static data for CLM5-EU3-surf variable PCT_LAKE
Location: 44.493652 latitude, -0.956092 longitude.

Extract site Bilos, static data for CLM5-EU3-surf variable PCT_WETLAND
Location: 44.493652 latitude, -0.956092 longitude.

Extract site Bilos, static data for CLM5-EU3-surf variable PCT_NAT_PFT
Location: 44.493652 latitude, -0.956092 longitude.

Extract site Bilos, static data for CLM5-EU3-surf variable PCT_CFT
Location: 44.493652 latitude, -0.956092 longitude.

Extract site Font-Blanche, static data for CLM5-EU3-surf variable PCT_NATVEG
Location: 43.24079 latitude, 5.67865 longitude.

Extract site Font-Blanche, static data for CLM5-EU3-surf variable PCT_CROP
Location: 43.24079 latitude, 5.67865 longitude.

Extract site Font-Blanche, static data for CLM5-EU3-surf variable PCT_LAKE
Location: 43.24079 latitude, 5.67865 longitude.

Extract site Font-Blanche, static data for CLM5-EU3-surf variable PCT_WETLAND
Location: 43.24079 latitude, 5.67865 longitude.

Extract site Font-Blanche, static data for CLM5-EU3-surf variable PCT_NAT_PFT
Location: 43.24079 latitude, 5.67865 longitude.

Extract site Font-Blanche, static data for CLM5-EU3-surf variable PCT_CFT
Location: 43.24079 latitude, 5.67865 longitude.

Extract site Fontainebleau-Barbeau, static data for CLM5-EU3-surf variable PCT_NATVEG
Location: 48.476357 latitude, 2.780096 longitude.

Extract site Fontainebleau-Barbeau, static data for CLM5-EU3-surf variable PCT_CROP
Location: 48.476357 latitude, 2.780096 longitude.

Extract site Fontainebleau-Barbeau, static data for CLM5-EU3-surf variable PCT_LAKE
Location: 48.476357 latitude, 2.780096 longitude.

Extract site Fontainebleau-Barbeau, static data for CLM5-EU3-surf variable PCT_WETLAND
Location: 48.476357 latitude, 2.780096 longitude.

Extract site Fontainebleau-Barbeau, static data for CLM5-EU3-surf variable PCT_NAT_PFT
Location: 48.476357 latitude, 2.780096 longitude.

Extract site Fontainebleau-Barbeau, static data for CLM5-EU3-surf variable PCT_CFT
Location: 48.476357 latitude, 2.780096 longitude.

Extract site Grignon, static data for CLM5-EU3-surf variable PCT_NATVEG
Location: 48.84422 latitude, 1.95191 longitude.

Extract site Grignon, static data for CLM5-EU3-surf variable PCT_CROP
Location: 48.84422 latitude, 1.95191 longitude.

Extract site Grignon, static data for CLM5-EU3-surf variable PCT_LAKE
Location: 48.84422 latitude, 1.95191 longitude.

Extract site Grignon, static data for CLM5-EU3-surf variable PCT_WETLAND
Location: 48.84422 latitude, 1.95191 longitude.

Extract site Grignon, static data for CLM5-EU3-surf variable PCT_NAT_PFT
Location: 48.84422 latitude, 1.95191 longitude.

Extract site Grignon, static data for CLM5-EU3-surf variable PCT_CFT
Location: 48.84422 latitude, 1.95191 longitude.

Extract site Hesse, static data for CLM5-EU3-surf variable PCT_NATVEG
Location: 48.6741 latitude, 7.06465 longitude.

Extract site Hesse, static data for CLM5-EU3-surf variable PCT_CROP
Location: 48.6741 latitude, 7.06465 longitude.

Extract site Hesse, static data for CLM5-EU3-surf variable PCT_LAKE
Location: 48.6741 latitude, 7.06465 longitude.

Extract site Hesse, static data for CLM5-EU3-surf variable PCT_WETLAND
Location: 48.6741 latitude, 7.06465 longitude.

Extract site Hesse, static data for CLM5-EU3-surf variable PCT_NAT_PFT
Location: 48.6741 latitude, 7.06465 longitude.

Extract site Hesse, static data for CLM5-EU3-surf variable PCT_CFT
Location: 48.6741 latitude, 7.06465 longitude.

Extract site La Guette, static data for CLM5-EU3-surf variable PCT_NATVEG
Location: 47.322918 latitude, 2.284102 longitude.

Extract site La Guette, static data for CLM5-EU3-surf variable PCT_CROP
Location: 47.322918 latitude, 2.284102 longitude.

Extract site La Guette, static data for CLM5-EU3-surf variable PCT_LAKE
Location: 47.322918 latitude, 2.284102 longitude.

Extract site La Guette, static data for CLM5-EU3-surf variable PCT_WETLAND
Location: 47.322918 latitude, 2.284102 longitude.

Extract site La Guette, static data for CLM5-EU3-surf variable PCT_NAT_PFT
Location: 47.322918 latitude, 2.284102 longitude.

Extract site La Guette, static data for CLM5-EU3-surf variable PCT_CFT
Location: 47.322918 latitude, 2.284102 longitude.

Extract site Lamasquere, static data for CLM5-EU3-surf variable PCT_NATVEG
Location: 43.496437 latitude, 1.237878 longitude.

Extract site Lamasquere, static data for CLM5-EU3-surf variable PCT_CROP
Location: 43.496437 latitude, 1.237878 longitude.

Extract site Lamasquere, static data for CLM5-EU3-surf variable PCT_LAKE
Location: 43.496437 latitude, 1.237878 longitude.

Extract site Lamasquere, static data for CLM5-EU3-surf variable PCT_WETLAND
Location: 43.496437 latitude, 1.237878 longitude.

Extract site Lamasquere, static data for CLM5-EU3-surf variable PCT_NAT_PFT
Location: 43.496437 latitude, 1.237878 longitude.

Extract site Lamasquere, static data for CLM5-EU3-surf variable PCT_CFT
Location: 43.496437 latitude, 1.237878 longitude.

Extract site Toulouse, static data for CLM5-EU3-surf variable PCT_NATVEG
Location: 43.572857 latitude, 1.37474 longitude.

Extract site Toulouse, static data for CLM5-EU3-surf variable PCT_CROP
Location: 43.572857 latitude, 1.37474 longitude.

Extract site Toulouse, static data for CLM5-EU3-surf variable PCT_LAKE
Location: 43.572857 latitude, 1.37474 longitude.

Extract site Toulouse, static data for CLM5-EU3-surf variable PCT_WETLAND
Location: 43.572857 latitude, 1.37474 longitude.

Extract site Toulouse, static data for CLM5-EU3-surf variable PCT_NAT_PFT
Location: 43.572857 latitude, 1.37474 longitude.

Extract site Toulouse, static data for CLM5-EU3-surf variable PCT_CFT
Location: 43.572857 latitude, 1.37474 longitude.

Extract site Clara, static data for CLM5-EU3-surf variable PCT_NATVEG
Location: 53.322978 latitude, -7.641769 longitude.

Extract site Clara, static data for CLM5-EU3-surf variable PCT_CROP
Location: 53.322978 latitude, -7.641769 longitude.

Extract site Clara, static data for CLM5-EU3-surf variable PCT_LAKE
Location: 53.322978 latitude, -7.641769 longitude.

Extract site Clara, static data for CLM5-EU3-surf variable PCT_WETLAND
Location: 53.322978 latitude, -7.641769 longitude.

Extract site Clara, static data for CLM5-EU3-surf variable PCT_NAT_PFT
Location: 53.322978 latitude, -7.641769 longitude.

Extract site Clara, static data for CLM5-EU3-surf variable PCT_CFT
Location: 53.322978 latitude, -7.641769 longitude.

Extract site Yatir, static data for CLM5-EU3-surf variable PCT_NATVEG
Location: 31.345045 latitude, 35.051989 longitude.

Extract site Yatir, static data for CLM5-EU3-surf variable PCT_CROP
Location: 31.345045 latitude, 35.051989 longitude.

Extract site Yatir, static data for CLM5-EU3-surf variable PCT_LAKE
Location: 31.345045 latitude, 35.051989 longitude.

Extract site Yatir, static data for CLM5-EU3-surf variable PCT_WETLAND
Location: 31.345045 latitude, 35.051989 longitude.

Extract site Yatir, static data for CLM5-EU3-surf variable PCT_NAT_PFT
Location: 31.345045 latitude, 35.051989 longitude.

Extract site Yatir, static data for CLM5-EU3-surf variable PCT_CFT
Location: 31.345045 latitude, 35.051989 longitude.

Extract site Borgo Cioffi, static data for CLM5-EU3-surf variable PCT_NATVEG
Location: 40.52375 latitude, 14.957444 longitude.

Extract site Borgo Cioffi, static data for CLM5-EU3-surf variable PCT_CROP
Location: 40.52375 latitude, 14.957444 longitude.

Extract site Borgo Cioffi, static data for CLM5-EU3-surf variable PCT_LAKE
Location: 40.52375 latitude, 14.957444 longitude.

Extract site Borgo Cioffi, static data for CLM5-EU3-surf variable PCT_WETLAND
Location: 40.52375 latitude, 14.957444 longitude.

Extract site Borgo Cioffi, static data for CLM5-EU3-surf variable PCT_NAT_PFT
Location: 40.52375 latitude, 14.957444 longitude.

Extract site Borgo Cioffi, static data for CLM5-EU3-surf variable PCT_CFT
Location: 40.52375 latitude, 14.957444 longitude.

Extract site Bosco Fontana, static data for CLM5-EU3-surf variable PCT_NATVEG
Location: 45.197754 latitude, 10.741966 longitude.

Extract site Bosco Fontana, static data for CLM5-EU3-surf variable PCT_CROP
Location: 45.197754 latitude, 10.741966 longitude.

Extract site Bosco Fontana, static data for CLM5-EU3-surf variable PCT_LAKE
Location: 45.197754 latitude, 10.741966 longitude.

Extract site Bosco Fontana, static data for CLM5-EU3-surf variable PCT_WETLAND
Location: 45.197754 latitude, 10.741966 longitude.

Extract site Bosco Fontana, static data for CLM5-EU3-surf variable PCT_NAT_PFT
Location: 45.197754 latitude, 10.741966 longitude.

Extract site Bosco Fontana, static data for CLM5-EU3-surf variable PCT_CFT
Location: 45.197754 latitude, 10.741966 longitude.

Extract site Castelporziano2, static data for CLM5-EU3-surf variable PCT_NATVEG
Location: 41.704266 latitude, 12.357293 longitude.

Extract site Castelporziano2, static data for CLM5-EU3-surf variable PCT_CROP
Location: 41.704266 latitude, 12.357293 longitude.

Extract site Castelporziano2, static data for CLM5-EU3-surf variable PCT_LAKE
Location: 41.704266 latitude, 12.357293 longitude.

Extract site Castelporziano2, static data for CLM5-EU3-surf variable PCT_WETLAND
Location: 41.704266 latitude, 12.357293 longitude.

Extract site Castelporziano2, static data for CLM5-EU3-surf variable PCT_NAT_PFT
Location: 41.704266 latitude, 12.357293 longitude.

Extract site Castelporziano2, static data for CLM5-EU3-surf variable PCT_CFT
Location: 41.704266 latitude, 12.357293 longitude.

Extract site Lavarone, static data for CLM5-EU3-surf variable PCT_NATVEG
Location: 45.9562 latitude, 11.28132 longitude.

Extract site Lavarone, static data for CLM5-EU3-surf variable PCT_CROP
Location: 45.9562 latitude, 11.28132 longitude.

Extract site Lavarone, static data for CLM5-EU3-surf variable PCT_LAKE
Location: 45.9562 latitude, 11.28132 longitude.

Extract site Lavarone, static data for CLM5-EU3-surf variable PCT_WETLAND
Location: 45.9562 latitude, 11.28132 longitude.

Extract site Lavarone, static data for CLM5-EU3-surf variable PCT_NAT_PFT
Location: 45.9562 latitude, 11.28132 longitude.

Extract site Lavarone, static data for CLM5-EU3-surf variable PCT_CFT
Location: 45.9562 latitude, 11.28132 longitude.

Extract site Lison, static data for CLM5-EU3-surf variable PCT_NATVEG
Location: 45.740482 latitude, 12.750297 longitude.

Extract site Lison, static data for CLM5-EU3-surf variable PCT_CROP
Location: 45.740482 latitude, 12.750297 longitude.

Extract site Lison, static data for CLM5-EU3-surf variable PCT_LAKE
Location: 45.740482 latitude, 12.750297 longitude.

Extract site Lison, static data for CLM5-EU3-surf variable PCT_WETLAND
Location: 45.740482 latitude, 12.750297 longitude.

Extract site Lison, static data for CLM5-EU3-surf variable PCT_NAT_PFT
Location: 45.740482 latitude, 12.750297 longitude.

Extract site Lison, static data for CLM5-EU3-surf variable PCT_CFT
Location: 45.740482 latitude, 12.750297 longitude.

Extract site Monte Bandone, static data for CLM5-EU3-surf variable PCT_NATVEG
Location: 46.01468 latitude, 11.045831 longitude.

Extract site Monte Bandone, static data for CLM5-EU3-surf variable PCT_CROP
Location: 46.01468 latitude, 11.045831 longitude.

Extract site Monte Bandone, static data for CLM5-EU3-surf variable PCT_LAKE
Location: 46.01468 latitude, 11.045831 longitude.

Extract site Monte Bandone, static data for CLM5-EU3-surf variable PCT_WETLAND
Location: 46.01468 latitude, 11.045831 longitude.

Extract site Monte Bandone, static data for CLM5-EU3-surf variable PCT_NAT_PFT
Location: 46.01468 latitude, 11.045831 longitude.

Extract site Monte Bandone, static data for CLM5-EU3-surf variable PCT_CFT
Location: 46.01468 latitude, 11.045831 longitude.

Extract site Renon, static data for CLM5-EU3-surf variable PCT_NATVEG
Location: 46.58686 latitude, 11.43369 longitude.

Extract site Renon, static data for CLM5-EU3-surf variable PCT_CROP
Location: 46.58686 latitude, 11.43369 longitude.

Extract site Renon, static data for CLM5-EU3-surf variable PCT_LAKE
Location: 46.58686 latitude, 11.43369 longitude.

Extract site Renon, static data for CLM5-EU3-surf variable PCT_WETLAND
Location: 46.58686 latitude, 11.43369 longitude.

Extract site Renon, static data for CLM5-EU3-surf variable PCT_NAT_PFT
Location: 46.58686 latitude, 11.43369 longitude.

Extract site Renon, static data for CLM5-EU3-surf variable PCT_CFT
Location: 46.58686 latitude, 11.43369 longitude.

Extract site San Rossore 2, static data for CLM5-EU3-surf variable PCT_NATVEG
Location: 43.73202 latitude, 10.29091 longitude.

Extract site San Rossore 2, static data for CLM5-EU3-surf variable PCT_CROP
Location: 43.73202 latitude, 10.29091 longitude.

Extract site San Rossore 2, static data for CLM5-EU3-surf variable PCT_LAKE
Location: 43.73202 latitude, 10.29091 longitude.

Extract site San Rossore 2, static data for CLM5-EU3-surf variable PCT_WETLAND
Location: 43.73202 latitude, 10.29091 longitude.

Extract site San Rossore 2, static data for CLM5-EU3-surf variable PCT_NAT_PFT
Location: 43.73202 latitude, 10.29091 longitude.

Extract site San Rossore 2, static data for CLM5-EU3-surf variable PCT_CFT
Location: 43.73202 latitude, 10.29091 longitude.

Extract site Torgnon, static data for CLM5-EU3-surf variable PCT_NATVEG
Location: 45.84444 latitude, 7.578055 longitude.

Extract site Torgnon, static data for CLM5-EU3-surf variable PCT_CROP
Location: 45.84444 latitude, 7.578055 longitude.

Extract site Torgnon, static data for CLM5-EU3-surf variable PCT_LAKE
Location: 45.84444 latitude, 7.578055 longitude.

Extract site Torgnon, static data for CLM5-EU3-surf variable PCT_WETLAND
Location: 45.84444 latitude, 7.578055 longitude.

Extract site Torgnon, static data for CLM5-EU3-surf variable PCT_NAT_PFT
Location: 45.84444 latitude, 7.578055 longitude.

Extract site Torgnon, static data for CLM5-EU3-surf variable PCT_CFT
Location: 45.84444 latitude, 7.578055 longitude.

Extract site Fyodorovskoye dry spruce stand, static data for CLM5-EU3-surf variable PCT_NATVEG
Location: 56.447603 latitude, 32.901878 longitude.

Extract site Fyodorovskoye dry spruce stand, static data for CLM5-EU3-surf variable PCT_CROP
Location: 56.447603 latitude, 32.901878 longitude.

Extract site Fyodorovskoye dry spruce stand, static data for CLM5-EU3-surf variable PCT_LAKE
Location: 56.447603 latitude, 32.901878 longitude.

Extract site Fyodorovskoye dry spruce stand, static data for CLM5-EU3-surf variable PCT_WETLAND
Location: 56.447603 latitude, 32.901878 longitude.

Extract site Fyodorovskoye dry spruce stand, static data for CLM5-EU3-surf variable PCT_NAT_PFT
Location: 56.447603 latitude, 32.901878 longitude.

Extract site Fyodorovskoye dry spruce stand, static data for CLM5-EU3-surf variable PCT_CFT
Location: 56.447603 latitude, 32.901878 longitude.

Extract site Fyodorovskoye, static data for CLM5-EU3-surf variable PCT_NATVEG
Location: 56.461528 latitude, 32.922083 longitude.

Extract site Fyodorovskoye, static data for CLM5-EU3-surf variable PCT_CROP
Location: 56.461528 latitude, 32.922083 longitude.

Extract site Fyodorovskoye, static data for CLM5-EU3-surf variable PCT_LAKE
Location: 56.461528 latitude, 32.922083 longitude.

Extract site Fyodorovskoye, static data for CLM5-EU3-surf variable PCT_WETLAND
Location: 56.461528 latitude, 32.922083 longitude.

Extract site Fyodorovskoye, static data for CLM5-EU3-surf variable PCT_NAT_PFT
Location: 56.461528 latitude, 32.922083 longitude.

Extract site Fyodorovskoye, static data for CLM5-EU3-surf variable PCT_CFT
Location: 56.461528 latitude, 32.922083 longitude.

Extract site Degero, static data for CLM5-EU3-surf variable PCT_NATVEG
Location: 64.18203 latitude, 19.55654 longitude.

Extract site Degero, static data for CLM5-EU3-surf variable PCT_CROP
Location: 64.18203 latitude, 19.55654 longitude.

Extract site Degero, static data for CLM5-EU3-surf variable PCT_LAKE
Location: 64.18203 latitude, 19.55654 longitude.

Extract site Degero, static data for CLM5-EU3-surf variable PCT_WETLAND
Location: 64.18203 latitude, 19.55654 longitude.

Extract site Degero, static data for CLM5-EU3-surf variable PCT_NAT_PFT
Location: 64.18203 latitude, 19.55654 longitude.

Extract site Degero, static data for CLM5-EU3-surf variable PCT_CFT
Location: 64.18203 latitude, 19.55654 longitude.

Extract site Hyltemossa, static data for CLM5-EU3-surf variable PCT_NATVEG
Location: 56.09763 latitude, 13.41897 longitude.

Extract site Hyltemossa, static data for CLM5-EU3-surf variable PCT_CROP
Location: 56.09763 latitude, 13.41897 longitude.

Extract site Hyltemossa, static data for CLM5-EU3-surf variable PCT_LAKE
Location: 56.09763 latitude, 13.41897 longitude.

Extract site Hyltemossa, static data for CLM5-EU3-surf variable PCT_WETLAND
Location: 56.09763 latitude, 13.41897 longitude.

Extract site Hyltemossa, static data for CLM5-EU3-surf variable PCT_NAT_PFT
Location: 56.09763 latitude, 13.41897 longitude.

Extract site Hyltemossa, static data for CLM5-EU3-surf variable PCT_CFT
Location: 56.09763 latitude, 13.41897 longitude.

Extract site Norunda, static data for CLM5-EU3-surf variable PCT_NATVEG
Location: 60.0865 latitude, 17.479504 longitude.

Extract site Norunda, static data for CLM5-EU3-surf variable PCT_CROP
Location: 60.0865 latitude, 17.479504 longitude.

Extract site Norunda, static data for CLM5-EU3-surf variable PCT_LAKE
Location: 60.0865 latitude, 17.479504 longitude.

Extract site Norunda, static data for CLM5-EU3-surf variable PCT_WETLAND
Location: 60.0865 latitude, 17.479504 longitude.

Extract site Norunda, static data for CLM5-EU3-surf variable PCT_NAT_PFT
Location: 60.0865 latitude, 17.479504 longitude.

Extract site Norunda, static data for CLM5-EU3-surf variable PCT_CFT
Location: 60.0865 latitude, 17.479504 longitude.

Extract site Rosinedal-3, static data for CLM5-EU3-surf variable PCT_NATVEG
Location: 64.1725 latitude, 19.738 longitude.

Extract site Rosinedal-3, static data for CLM5-EU3-surf variable PCT_CROP
Location: 64.1725 latitude, 19.738 longitude.

Extract site Rosinedal-3, static data for CLM5-EU3-surf variable PCT_LAKE
Location: 64.1725 latitude, 19.738 longitude.

Extract site Rosinedal-3, static data for CLM5-EU3-surf variable PCT_WETLAND
Location: 64.1725 latitude, 19.738 longitude.

Extract site Rosinedal-3, static data for CLM5-EU3-surf variable PCT_NAT_PFT
Location: 64.1725 latitude, 19.738 longitude.

Extract site Rosinedal-3, static data for CLM5-EU3-surf variable PCT_CFT
Location: 64.1725 latitude, 19.738 longitude.

Extract site Svartberget, static data for CLM5-EU3-surf variable PCT_NATVEG
Location: 64.25611 latitude, 19.7745 longitude.

Extract site Svartberget, static data for CLM5-EU3-surf variable PCT_CROP
Location: 64.25611 latitude, 19.7745 longitude.

Extract site Svartberget, static data for CLM5-EU3-surf variable PCT_LAKE
Location: 64.25611 latitude, 19.7745 longitude.

Extract site Svartberget, static data for CLM5-EU3-surf variable PCT_WETLAND
Location: 64.25611 latitude, 19.7745 longitude.

Extract site Svartberget, static data for CLM5-EU3-surf variable PCT_NAT_PFT
Location: 64.25611 latitude, 19.7745 longitude.

Extract site Svartberget, static data for CLM5-EU3-surf variable PCT_CFT
Location: 64.25611 latitude, 19.7745 longitude.

Output file for ICOS-WARMWINTER2020 is not available and will be created.

Extract site Brasschaat, in-situ ONEFLUX data for ICOS-WARMWINTER2020...

Extract site Dorinne, in-situ ONEFLUX data for ICOS-WARMWINTER2020...

Extract site Lochristi, in-situ ONEFLUX data for ICOS-WARMWINTER2020...

Extract site Lonzée, in-situ ONEFLUX data for ICOS-WARMWINTER2020...

Extract site Maasmechelen, in-situ ONEFLUX data for ICOS-WARMWINTER2020...

Extract site Vielsalm, in-situ ONEFLUX data for ICOS-WARMWINTER2020...

Extract site Alp Weissenstein, in-situ ONEFLUX data for ICOS-WARMWINTER2020...

Extract site Chamau grassland, in-situ ONEFLUX data for ICOS-WARMWINTER2020...

Extract site Davos, in-situ ONEFLUX data for ICOS-WARMWINTER2020...

Extract site Früebüel grassland, in-situ ONEFLUX data for ICOS-WARMWINTER2020...

Extract site Lägern, in-situ ONEFLUX data for ICOS-WARMWINTER2020...

Extract site Oensingen crop, in-situ ONEFLUX data for ICOS-WARMWINTER2020...

Extract site Bily Kriz forest, in-situ ONEFLUX data for ICOS-WARMWINTER2020...

Extract site Kresin u Pacova, in-situ ONEFLUX data for ICOS-WARMWINTER2020...

Extract site Lanzhot, in-situ ONEFLUX data for ICOS-WARMWINTER2020...

Extract site Rajec, in-situ ONEFLUX data for ICOS-WARMWINTER2020...

Extract site Stitna, in-situ ONEFLUX data for ICOS-WARMWINTER2020...

Extract site Trebon, in-situ ONEFLUX data for ICOS-WARMWINTER2020...

Extract site Anklam, in-situ ONEFLUX data for ICOS-WARMWINTER2020...

Extract site Gebesee, in-situ ONEFLUX data for ICOS-WARMWINTER2020...

Extract site Grillenburg, in-situ ONEFLUX data for ICOS-WARMWINTER2020...

Extract site Hainich, in-situ ONEFLUX data for ICOS-WARMWINTER2020...

Extract site Hohes Holz, in-situ ONEFLUX data for ICOS-WARMWINTER2020...

Extract site Hetzdorf, in-situ ONEFLUX data for ICOS-WARMWINTER2020...

Extract site Klingenberg, in-situ ONEFLUX data for ICOS-WARMWINTER2020...

Extract site Oberbärenburg, in-situ ONEFLUX data for ICOS-WARMWINTER2020...

Extract site Rollesbroich, in-situ ONEFLUX data for ICOS-WARMWINTER2020...

Extract site Selhausen Jülich, in-situ ONEFLUX data for ICOS-WARMWINTER2020...

Extract site Wüstebach, in-situ ONEFLUX data for ICOS-WARMWINTER2020...

Extract site Tharandt, in-situ ONEFLUX data for ICOS-WARMWINTER2020...

Extract site Gludsted Plantage, in-situ ONEFLUX data for ICOS-WARMWINTER2020...

Extract site Soroe, in-situ ONEFLUX data for ICOS-WARMWINTER2020...

Extract site Albuera, in-situ ONEFLUX data for ICOS-WARMWINTER2020...

Extract site Aguamarga, in-situ ONEFLUX data for ICOS-WARMWINTER2020...

Extract site Conde, in-situ ONEFLUX data for ICOS-WARMWINTER2020...

Extract site LLano de los Juanes, in-situ ONEFLUX data for ICOS-WARMWINTER2020...

Extract site Majadas del Tietar North, in-situ ONEFLUX data for ICOS-WARMWINTER2020...

Extract site Majadas del Tietar South, in-situ ONEFLUX data for ICOS-WARMWINTER2020...

Extract site HyytiäTraceback (most recent call last):
  File "/p/scratch/cjibg31/jibg3105/projects/papers/CLM5EU3_Ecosystem_Processes/user_in/run_analyses.py", line 34, in <module>
lä, in-situ ONEFLUX data for ICOS-WARMWINTER2020...

Extract site Kenttarova, in-situ ONEFLUX data for ICOS-WARMWINTER2020...

Extract site Lettosuo, in-situ ONEFLUX data for ICOS-WARMWINTER2020...

Extract site Qvidja, in-situ ONEFLUX data for ICOS-WARMWINTER2020...

Extract site Siikaneva, in-situ ONEFLUX data for ICOS-WARMWINTER2020...

Extract site Varriö, in-situ ONEFLUX data for ICOS-WARMWINTER2020...

Extract site Aurade, in-situ ONEFLUX data for ICOS-WARMWINTER2020...

Extract site Bilos, in-situ ONEFLUX data for ICOS-WARMWINTER2020...

Extract site Font-Blanche, in-situ ONEFLUX data for ICOS-WARMWINTER2020...

Extract site Fontainebleau-Barbeau, in-situ ONEFLUX data for ICOS-WARMWINTER2020...

Extract site Grignon, in-situ ONEFLUX data for ICOS-WARMWINTER2020...

Extract site Hesse, in-situ ONEFLUX data for ICOS-WARMWINTER2020...

Extract site La Guette, in-situ ONEFLUX data for ICOS-WARMWINTER2020...

Extract site Lamasquere, in-situ ONEFLUX data for ICOS-WARMWINTER2020...

Extract site Toulouse, in-situ ONEFLUX data for ICOS-WARMWINTER2020...

Extract site Clara, in-situ ONEFLUX data for ICOS-WARMWINTER2020...

Extract site Yatir, in-situ ONEFLUX data for ICOS-WARMWINTER2020...

Extract site Borgo Cioffi, in-situ ONEFLUX data for ICOS-WARMWINTER2020...

Extract site Bosco Fontana, in-situ ONEFLUX data for ICOS-WARMWINTER2020...

Extract site Castelporziano2, in-situ ONEFLUX data for ICOS-WARMWINTER2020...

Extract site Lavarone, in-situ ONEFLUX data for ICOS-WARMWINTER2020...

Extract site Lison, in-situ ONEFLUX data for ICOS-WARMWINTER2020...

Extract site Monte Bandone, in-situ ONEFLUX data for ICOS-WARMWINTER2020...

Extract site Renon, in-situ ONEFLUX data for ICOS-WARMWINTER2020...

Extract site San Rossore 2, in-situ ONEFLUX data for ICOS-WARMWINTER2020...

Extract site Torgnon, in-situ ONEFLUX data for ICOS-WARMWINTER2020...

Extract site Fyodorovskoye dry spruce stand, in-situ ONEFLUX data for ICOS-WARMWINTER2020...

Extract site Fyodorovskoye, in-situ ONEFLUX data for ICOS-WARMWINTER2020...

Extract site Degero, in-situ ONEFLUX data for ICOS-WARMWINTER2020...

Extract site Hyltemossa, in-situ ONEFLUX data for ICOS-WARMWINTER2020...

Extract site Norunda, in-situ ONEFLUX data for ICOS-WARMWINTER2020...

Extract site Rosinedal-3, in-situ ONEFLUX data for ICOS-WARMWINTER2020...

Extract site Svartberget, in-situ ONEFLUX data for ICOS-WARMWINTER2020...

Load the files to dataframe
and resample to the chosen frequency...

Resampling...

Resampling...

Load the insitu and cell files to a common dataframe
and load the static and station information data...

Variable specific plots: ET

Plot land cover aggregated xy plots...

    Grids_vs_InSitu.run(name = name, run = run, sources_grids = sources_grids, sources_static = sources_static,
  File "/p/scratch/cjibg31/jibg3105/projects/papers/CLM5EU3_Ecosystem_Processes/Analyses/Grids_vs_InSitu.py", line 128, in run
    fig3x               = xy_landcover_moments(df_merged, vv, sources_insitu, sources_grids, selected_landcover,
  File "/p/scratch/cjibg31/jibg3105/projects/papers/CLM5EU3_Ecosystem_Processes/my_/plot/custom.py", line 159, in xy_landcover_moments
    fig, axs, axs_l             = square_two_top_cax()
  File "/p/scratch/cjibg31/jibg3105/projects/papers/CLM5EU3_Ecosystem_Processes/my_/figures/two_by_two.py", line 13, in square_two_top_cax
    style_1()
  File "/p/scratch/cjibg31/jibg3105/projects/papers/CLM5EU3_Ecosystem_Processes/my_/plot/style.py", line 17, in style_1
    mpl.rcParams['font.family']     = prop.get_name()
  File "/p/software/jurecadc/stages/2023/software/matplotlib/3.5.2-gcccoremkl-11.3.0-2022.1.0/lib/python3.10/site-packages/matplotlib/font_manager.py", line 737, in get_name
    return get_font(findfont(self)).family_name
  File "/p/software/jurecadc/stages/2023/software/matplotlib/3.5.2-gcccoremkl-11.3.0-2022.1.0/lib/python3.10/site-packages/matplotlib/font_manager.py", line 1424, in get_font
    return _get_font(filename, hinting_factor,
  File "/p/software/jurecadc/stages/2023/software/matplotlib/3.5.2-gcccoremkl-11.3.0-2022.1.0/lib/python3.10/site-packages/matplotlib/font_manager.py", line 1405, in _get_font
    return ft2font.FT2Font(
FileNotFoundError: [Errno 2] No such file or directory: '/p/scratch/cjibg31/jibg3105/projects/papers/CLM5EU3_Ecosystem_Processes/user_in/my_/plot/fonts/Montserrat-Medium.otf'
srun: error: jrc0099: task 0: Exited with exit code 1
